<?xml version="1.0" encoding="UTF-8"?>
<!-- Generated by org.testng.reporters.JUnitReportReporter -->
<testsuite hostname="LAPTOP-2V7BECO7" failures="0" tests="1" name="tests.LoginPage" time="20.904" errors="0" timestamp="2023-06-07T11:44:25 IST" skipped="0">
  <testcase classname="tests.LoginPage" name="test_HomePage_Appear_Correct" time="20.904"/>
  <system-out/>
</testsuite> <!-- tests.LoginPage -->
